<?xml version="1.0" encoding="UTF-8"?>
<testsuite xmlns:xsi="http://www.w3.org/2001/XMLSchema-instance" xsi:noNamespaceSchemaLocation="https://maven.apache.org/surefire/maven-surefire-plugin/xsd/surefire-test-report-3.0.xsd" version="3.0" name="org.apache.nifi.reporting.azure.loganalytics.TestAzureLogAnalyticsProvenanceReportingTask" time="0.19" tests="1" errors="0" skipped="0" failures="0">
  <properties>
    <property name="awt.toolkit" value="sun.awt.X11.XToolkit"/>
    <property name="java.specification.version" value="11"/>
    <property name="nondexStart" value="0"/>
    <property name="sun.cpu.isalist" value=""/>
    <property name="sun.jnu.encoding" value="UTF-8"/>
    <property name="java.class.path" value="/home/siruiw4/nifi/nifi-nar-bundles/nifi-azure-bundle/nifi-azure-reporting-task/target/test-classes:/home/siruiw4/nifi/nifi-nar-bundles/nifi-azure-bundle/nifi-azure-reporting-task/target/classes:/home/siruiw4/.m2/repository/org/apache/nifi/nifi-api/1.18.0-SNAPSHOT/nifi-api-1.18.0-SNAPSHOT.jar:/home/siruiw4/.m2/repository/org/apache/nifi/nifi-utils/1.18.0-SNAPSHOT/nifi-utils-1.18.0-SNAPSHOT.jar:/home/siruiw4/.m2/repository/jakarta/xml/bind/jakarta.xml.bind-api/2.3.3/jakarta.xml.bind-api-2.3.3.jar:/home/siruiw4/.m2/repository/jakarta/activation/jakarta.activation-api/1.2.2/jakarta.activation-api-1.2.2.jar:/home/siruiw4/.m2/repository/org/glassfish/jaxb/jaxb-runtime/2.3.5/jaxb-runtime-2.3.5.jar:/home/siruiw4/.m2/repository/org/glassfish/jaxb/txw2/2.3.5/txw2-2.3.5.jar:/home/siruiw4/.m2/repository/com/sun/istack/istack-commons-runtime/3.0.12/istack-commons-runtime-3.0.12.jar:/home/siruiw4/.m2/repository/com/sun/activation/jakarta.activation/1.2.2/jakarta.activation-1.2.2.jar:/home/siruiw4/.m2/repository/org/apache/nifi/nifi-metrics/1.18.0-SNAPSHOT/nifi-metrics-1.18.0-SNAPSHOT.jar:/home/siruiw4/.m2/repository/io/dropwizard/metrics/metrics-jvm/4.1.2/metrics-jvm-4.1.2.jar:/home/siruiw4/.m2/repository/io/dropwizard/metrics/metrics-core/4.1.2/metrics-core-4.1.2.jar:/home/siruiw4/.m2/repository/com/google/code/gson/gson/2.9.0/gson-2.9.0.jar:/home/siruiw4/.m2/repository/org/apache/httpcomponents/httpclient/4.5.13/httpclient-4.5.13.jar:/home/siruiw4/.m2/repository/org/apache/httpcomponents/httpcore/4.4.15/httpcore-4.4.15.jar:/home/siruiw4/.m2/repository/commons-codec/commons-codec/1.15/commons-codec-1.15.jar:/home/siruiw4/.m2/repository/org/slf4j/jcl-over-slf4j/1.7.36/jcl-over-slf4j-1.7.36.jar:/home/siruiw4/.m2/repository/org/slf4j/slf4j-api/1.7.36/slf4j-api-1.7.36.jar:/home/siruiw4/.m2/repository/org/apache/commons/commons-lang3/3.12.0/commons-lang3-3.12.0.jar:/home/siruiw4/.m2/repository/org/mockito/mockito-core/3.11.2/mockito-core-3.11.2.jar:/home/siruiw4/.m2/repository/net/bytebuddy/byte-buddy/1.11.3/byte-buddy-1.11.3.jar:/home/siruiw4/.m2/repository/net/bytebuddy/byte-buddy-agent/1.11.3/byte-buddy-agent-1.11.3.jar:/home/siruiw4/.m2/repository/org/objenesis/objenesis/3.2/objenesis-3.2.jar:/home/siruiw4/.m2/repository/org/apache/nifi/nifi-mock/1.18.0-SNAPSHOT/nifi-mock-1.18.0-SNAPSHOT.jar:/home/siruiw4/.m2/repository/org/apache/nifi/nifi-framework-api/1.18.0-SNAPSHOT/nifi-framework-api-1.18.0-SNAPSHOT.jar:/home/siruiw4/.m2/repository/org/apache/nifi/nifi-parameter/1.18.0-SNAPSHOT/nifi-parameter-1.18.0-SNAPSHOT.jar:/home/siruiw4/.m2/repository/org/apache/nifi/nifi-framework-core-api/1.18.0-SNAPSHOT/nifi-framework-core-api-1.18.0-SNAPSHOT.jar:/home/siruiw4/.m2/repository/org/apache/nifi/nifi-framework-nar-utils/1.18.0-SNAPSHOT/nifi-framework-nar-utils-1.18.0-SNAPSHOT.jar:/home/siruiw4/.m2/repository/org/apache/nifi/nifi-runtime-manifest-core/1.18.0-SNAPSHOT/nifi-runtime-manifest-core-1.18.0-SNAPSHOT.jar:/home/siruiw4/.m2/repository/org/apache/nifi/nifi-extension-manifest-parser/1.18.0-SNAPSHOT/nifi-extension-manifest-parser-1.18.0-SNAPSHOT.jar:/home/siruiw4/.m2/repository/org/apache/nifi/nifi-client-dto/1.18.0-SNAPSHOT/nifi-client-dto-1.18.0-SNAPSHOT.jar:/home/siruiw4/.m2/repository/io/swagger/swagger-annotations/1.6.6/swagger-annotations-1.6.6.jar:/home/siruiw4/.m2/repository/org/apache/nifi/c2-protocol-component-api/1.18.0-SNAPSHOT/c2-protocol-component-api-1.18.0-SNAPSHOT.jar:/home/siruiw4/.m2/repository/org/apache/nifi/nifi-site-to-site-client/1.18.0-SNAPSHOT/nifi-site-to-site-client-1.18.0-SNAPSHOT.jar:/home/siruiw4/.m2/repository/org/apache/nifi/nifi-security-utils/1.18.0-SNAPSHOT/nifi-security-utils-1.18.0-SNAPSHOT.jar:/home/siruiw4/.m2/repository/org/apache/nifi/nifi-deprecation-log/1.18.0-SNAPSHOT/nifi-deprecation-log-1.18.0-SNAPSHOT.jar:/home/siruiw4/.m2/repository/org/apache/nifi/nifi-security-utils-api/1.18.0-SNAPSHOT/nifi-security-utils-api-1.18.0-SNAPSHOT.jar:/home/siruiw4/.m2/repository/org/bouncycastle/bcprov-jdk15on/1.70/bcprov-jdk15on-1.70.jar:/home/siruiw4/.m2/repository/org/bouncycastle/bcpkix-jdk15on/1.70/bcpkix-jdk15on-1.70.jar:/home/siruiw4/.m2/repository/org/bouncycastle/bcutil-jdk15on/1.70/bcutil-jdk15on-1.70.jar:/home/siruiw4/.m2/repository/org/apache/nifi/nifi-properties/1.18.0-SNAPSHOT/nifi-properties-1.18.0-SNAPSHOT.jar:/home/siruiw4/.m2/repository/org/apache/nifi/nifi-property-utils/1.18.0-SNAPSHOT/nifi-property-utils-1.18.0-SNAPSHOT.jar:/home/siruiw4/.m2/repository/at/favre/lib/bcrypt/0.9.0/bcrypt-0.9.0.jar:/home/siruiw4/.m2/repository/at/favre/lib/bytes/1.3.0/bytes-1.3.0.jar:/home/siruiw4/.m2/repository/org/apache/nifi/nifi-xml-processing/1.18.0-SNAPSHOT/nifi-xml-processing-1.18.0-SNAPSHOT.jar:/home/siruiw4/.m2/repository/org/apache/httpcomponents/client5/httpclient5/5.0-beta4/httpclient5-5.0-beta4.jar:/home/siruiw4/.m2/repository/org/apache/httpcomponents/core5/httpcore5/5.0-beta7/httpcore5-5.0-beta7.jar:/home/siruiw4/.m2/repository/org/apache/httpcomponents/core5/httpcore5-h2/5.0-beta7/httpcore5-h2-5.0-beta7.jar:/home/siruiw4/.m2/repository/org/apache/httpcomponents/httpasyncclient/4.1.4/httpasyncclient-4.1.4.jar:/home/siruiw4/.m2/repository/org/apache/httpcomponents/httpcore-nio/4.4.10/httpcore-nio-4.4.10.jar:/home/siruiw4/.m2/repository/org/apache/nifi/nifi-framework-authorization/1.18.0-SNAPSHOT/nifi-framework-authorization-1.18.0-SNAPSHOT.jar:/home/siruiw4/.m2/repository/org/apache/nifi/registry/nifi-registry-data-model/1.18.0-SNAPSHOT/nifi-registry-data-model-1.18.0-SNAPSHOT.jar:/home/siruiw4/.m2/repository/javax/validation/validation-api/2.0.1.Final/validation-api-2.0.1.Final.jar:/home/siruiw4/.m2/repository/javax/ws/rs/javax.ws.rs-api/2.1/javax.ws.rs-api-2.1.jar:/home/siruiw4/.m2/repository/org/apache/nifi/registry/nifi-registry-revision-entity-model/1.18.0-SNAPSHOT/nifi-registry-revision-entity-model-1.18.0-SNAPSHOT.jar:/home/siruiw4/.m2/repository/org/apache/nifi/nifi-extension-manifest-model/1.18.0-SNAPSHOT/nifi-extension-manifest-model-1.18.0-SNAPSHOT.jar:/home/siruiw4/.m2/repository/org/apache/nifi/registry/nifi-registry-client/1.18.0-SNAPSHOT/nifi-registry-client-1.18.0-SNAPSHOT.jar:/home/siruiw4/.m2/repository/org/apache/nifi/registry/nifi-registry-security-utils/1.18.0-SNAPSHOT/nifi-registry-security-utils-1.18.0-SNAPSHOT.jar:/home/siruiw4/.m2/repository/org/glassfish/jersey/core/jersey-client/2.36/jersey-client-2.36.jar:/home/siruiw4/.m2/repository/jakarta/ws/rs/jakarta.ws.rs-api/2.1.6/jakarta.ws.rs-api-2.1.6.jar:/home/siruiw4/.m2/repository/org/glassfish/hk2/external/jakarta.inject/2.6.1/jakarta.inject-2.6.1.jar:/home/siruiw4/.m2/repository/org/glassfish/jersey/media/jersey-media-json-jackson/2.36/jersey-media-json-jackson-2.36.jar:/home/siruiw4/.m2/repository/org/glassfish/jersey/ext/jersey-entity-filtering/2.36/jersey-entity-filtering-2.36.jar:/home/siruiw4/.m2/repository/com/fasterxml/jackson/module/jackson-module-jaxb-annotations/2.13.3/jackson-module-jaxb-annotations-2.13.3.jar:/home/siruiw4/.m2/repository/org/glassfish/jersey/inject/jersey-hk2/2.36/jersey-hk2-2.36.jar:/home/siruiw4/.m2/repository/org/glassfish/hk2/hk2-locator/2.6.1/hk2-locator-2.6.1.jar:/home/siruiw4/.m2/repository/org/glassfish/hk2/external/aopalliance-repackaged/2.6.1/aopalliance-repackaged-2.6.1.jar:/home/siruiw4/.m2/repository/org/glassfish/hk2/hk2-api/2.6.1/hk2-api-2.6.1.jar:/home/siruiw4/.m2/repository/org/glassfish/hk2/hk2-utils/2.6.1/hk2-utils-2.6.1.jar:/home/siruiw4/.m2/repository/org/javassist/javassist/3.25.0-GA/javassist-3.25.0-GA.jar:/home/siruiw4/.m2/repository/org/glassfish/jersey/core/jersey-common/2.36/jersey-common-2.36.jar:/home/siruiw4/.m2/repository/jakarta/annotation/jakarta.annotation-api/1.3.5/jakarta.annotation-api-1.3.5.jar:/home/siruiw4/.m2/repository/org/glassfish/hk2/osgi-resource-locator/1.0.3/osgi-resource-locator-1.0.3.jar:/home/siruiw4/.m2/repository/org/glassfish/jersey/media/jersey-media-multipart/2.36/jersey-media-multipart-2.36.jar:/home/siruiw4/.m2/repository/org/jvnet/mimepull/mimepull/1.9.13/mimepull-1.9.13.jar:/home/siruiw4/.m2/repository/org/apache/nifi/nifi-expression-language/1.18.0-SNAPSHOT/nifi-expression-language-1.18.0-SNAPSHOT.jar:/home/siruiw4/.m2/repository/org/antlr/antlr-runtime/3.5.2/antlr-runtime-3.5.2.jar:/home/siruiw4/.m2/repository/org/apache/nifi/nifi-uuid5/1.18.0-SNAPSHOT/nifi-uuid5-1.18.0-SNAPSHOT.jar:/home/siruiw4/.m2/repository/com/jayway/jsonpath/json-path/2.6.0/json-path-2.6.0.jar:/home/siruiw4/.m2/repository/net/minidev/json-smart/2.4.8/json-smart-2.4.8.jar:/home/siruiw4/.m2/repository/net/minidev/accessors-smart/2.4.8/accessors-smart-2.4.8.jar:/home/siruiw4/.m2/repository/org/ow2/asm/asm/9.1/asm-9.1.jar:/home/siruiw4/.m2/repository/com/fasterxml/jackson/core/jackson-databind/2.13.3/jackson-databind-2.13.3.jar:/home/siruiw4/.m2/repository/com/fasterxml/jackson/core/jackson-annotations/2.13.3/jackson-annotations-2.13.3.jar:/home/siruiw4/.m2/repository/com/fasterxml/jackson/core/jackson-core/2.13.3/jackson-core-2.13.3.jar:/home/siruiw4/.m2/repository/org/apache/commons/commons-text/1.8/commons-text-1.8.jar:/home/siruiw4/.m2/repository/org/apache/nifi/nifi-data-provenance-utils/1.18.0-SNAPSHOT/nifi-data-provenance-utils-1.18.0-SNAPSHOT.jar:/home/siruiw4/.m2/repository/org/apache/nifi/nifi-reporting-utils/1.18.0-SNAPSHOT/nifi-reporting-utils-1.18.0-SNAPSHOT.jar:/home/siruiw4/.m2/repository/org/glassfish/javax.json/1.0.4/javax.json-1.0.4.jar:/home/siruiw4/.m2/repository/org/junit/jupiter/junit-jupiter-api/5.8.2/junit-jupiter-api-5.8.2.jar:/home/siruiw4/.m2/repository/org/opentest4j/opentest4j/1.2.0/opentest4j-1.2.0.jar:/home/siruiw4/.m2/repository/org/junit/platform/junit-platform-commons/1.8.2/junit-platform-commons-1.8.2.jar:/home/siruiw4/.m2/repository/org/apiguardian/apiguardian-api/1.1.2/apiguardian-api-1.1.2.jar:/home/siruiw4/.m2/repository/org/junit/jupiter/junit-jupiter-engine/5.8.2/junit-jupiter-engine-5.8.2.jar:/home/siruiw4/.m2/repository/org/junit/platform/junit-platform-engine/1.8.2/junit-platform-engine-1.8.2.jar:/home/siruiw4/.m2/repository/org/junit/vintage/junit-vintage-engine/5.8.2/junit-vintage-engine-5.8.2.jar:/home/siruiw4/.m2/repository/junit/junit/4.13.2/junit-4.13.2.jar:/home/siruiw4/.m2/repository/org/hamcrest/hamcrest-core/1.3/hamcrest-core-1.3.jar:/home/siruiw4/.m2/repository/org/junit/jupiter/junit-jupiter-params/5.8.2/junit-jupiter-params-5.8.2.jar:/home/siruiw4/.m2/repository/org/mockito/mockito-junit-jupiter/3.11.2/mockito-junit-jupiter-3.11.2.jar:/home/siruiw4/.m2/repository/org/slf4j/slf4j-simple/1.7.36/slf4j-simple-1.7.36.jar:/home/siruiw4/.m2/repository/org/codehaus/groovy/groovy-test/3.0.9/groovy-test-3.0.9.jar:/home/siruiw4/.m2/repository/org/codehaus/groovy/groovy/3.0.9/groovy-3.0.9.jar:"/>
    <property name="java.vm.vendor" value="Ubuntu"/>
    <property name="nondexPrintstack" value="false"/>
    <property name="sun.arch.data.model" value="64"/>
    <property name="java.vendor.url" value="https://ubuntu.com/"/>
    <property name="user.timezone" value=""/>
    <property name="os.name" value="Linux"/>
    <property name="java.vm.specification.version" value="11"/>
    <property name="user.country" value="US"/>
    <property name="sun.java.launcher" value="SUN_STANDARD"/>
    <property name="sun.boot.library.path" value="/usr/lib/jvm/java-11-openjdk-amd64/lib"/>
    <property name="nondexLogging" value="CONFIG"/>
    <property name="sun.java.command" value="/home/siruiw4/nifi/nifi-nar-bundles/nifi-azure-bundle/nifi-azure-reporting-task/target/surefire/surefirebooter-20220829022528634_6.jar /home/siruiw4/nifi/nifi-nar-bundles/nifi-azure-bundle/nifi-azure-reporting-task/target/surefire 2022-08-29T02-25-28_455-jvmRun1 surefire-20220829022528634_4tmp surefire_1-20220829022528634_5tmp"/>
    <property name="jdk.debug" value="release"/>
    <property name="surefire.test.class.path" value="/home/siruiw4/nifi/nifi-nar-bundles/nifi-azure-bundle/nifi-azure-reporting-task/target/test-classes:/home/siruiw4/nifi/nifi-nar-bundles/nifi-azure-bundle/nifi-azure-reporting-task/target/classes:/home/siruiw4/.m2/repository/org/apache/nifi/nifi-api/1.18.0-SNAPSHOT/nifi-api-1.18.0-SNAPSHOT.jar:/home/siruiw4/.m2/repository/org/apache/nifi/nifi-utils/1.18.0-SNAPSHOT/nifi-utils-1.18.0-SNAPSHOT.jar:/home/siruiw4/.m2/repository/jakarta/xml/bind/jakarta.xml.bind-api/2.3.3/jakarta.xml.bind-api-2.3.3.jar:/home/siruiw4/.m2/repository/jakarta/activation/jakarta.activation-api/1.2.2/jakarta.activation-api-1.2.2.jar:/home/siruiw4/.m2/repository/org/glassfish/jaxb/jaxb-runtime/2.3.5/jaxb-runtime-2.3.5.jar:/home/siruiw4/.m2/repository/org/glassfish/jaxb/txw2/2.3.5/txw2-2.3.5.jar:/home/siruiw4/.m2/repository/com/sun/istack/istack-commons-runtime/3.0.12/istack-commons-runtime-3.0.12.jar:/home/siruiw4/.m2/repository/com/sun/activation/jakarta.activation/1.2.2/jakarta.activation-1.2.2.jar:/home/siruiw4/.m2/repository/org/apache/nifi/nifi-metrics/1.18.0-SNAPSHOT/nifi-metrics-1.18.0-SNAPSHOT.jar:/home/siruiw4/.m2/repository/io/dropwizard/metrics/metrics-jvm/4.1.2/metrics-jvm-4.1.2.jar:/home/siruiw4/.m2/repository/io/dropwizard/metrics/metrics-core/4.1.2/metrics-core-4.1.2.jar:/home/siruiw4/.m2/repository/com/google/code/gson/gson/2.9.0/gson-2.9.0.jar:/home/siruiw4/.m2/repository/org/apache/httpcomponents/httpclient/4.5.13/httpclient-4.5.13.jar:/home/siruiw4/.m2/repository/org/apache/httpcomponents/httpcore/4.4.15/httpcore-4.4.15.jar:/home/siruiw4/.m2/repository/commons-codec/commons-codec/1.15/commons-codec-1.15.jar:/home/siruiw4/.m2/repository/org/slf4j/jcl-over-slf4j/1.7.36/jcl-over-slf4j-1.7.36.jar:/home/siruiw4/.m2/repository/org/slf4j/slf4j-api/1.7.36/slf4j-api-1.7.36.jar:/home/siruiw4/.m2/repository/org/apache/commons/commons-lang3/3.12.0/commons-lang3-3.12.0.jar:/home/siruiw4/.m2/repository/org/mockito/mockito-core/3.11.2/mockito-core-3.11.2.jar:/home/siruiw4/.m2/repository/net/bytebuddy/byte-buddy/1.11.3/byte-buddy-1.11.3.jar:/home/siruiw4/.m2/repository/net/bytebuddy/byte-buddy-agent/1.11.3/byte-buddy-agent-1.11.3.jar:/home/siruiw4/.m2/repository/org/objenesis/objenesis/3.2/objenesis-3.2.jar:/home/siruiw4/.m2/repository/org/apache/nifi/nifi-mock/1.18.0-SNAPSHOT/nifi-mock-1.18.0-SNAPSHOT.jar:/home/siruiw4/.m2/repository/org/apache/nifi/nifi-framework-api/1.18.0-SNAPSHOT/nifi-framework-api-1.18.0-SNAPSHOT.jar:/home/siruiw4/.m2/repository/org/apache/nifi/nifi-parameter/1.18.0-SNAPSHOT/nifi-parameter-1.18.0-SNAPSHOT.jar:/home/siruiw4/.m2/repository/org/apache/nifi/nifi-framework-core-api/1.18.0-SNAPSHOT/nifi-framework-core-api-1.18.0-SNAPSHOT.jar:/home/siruiw4/.m2/repository/org/apache/nifi/nifi-framework-nar-utils/1.18.0-SNAPSHOT/nifi-framework-nar-utils-1.18.0-SNAPSHOT.jar:/home/siruiw4/.m2/repository/org/apache/nifi/nifi-runtime-manifest-core/1.18.0-SNAPSHOT/nifi-runtime-manifest-core-1.18.0-SNAPSHOT.jar:/home/siruiw4/.m2/repository/org/apache/nifi/nifi-extension-manifest-parser/1.18.0-SNAPSHOT/nifi-extension-manifest-parser-1.18.0-SNAPSHOT.jar:/home/siruiw4/.m2/repository/org/apache/nifi/nifi-client-dto/1.18.0-SNAPSHOT/nifi-client-dto-1.18.0-SNAPSHOT.jar:/home/siruiw4/.m2/repository/io/swagger/swagger-annotations/1.6.6/swagger-annotations-1.6.6.jar:/home/siruiw4/.m2/repository/org/apache/nifi/c2-protocol-component-api/1.18.0-SNAPSHOT/c2-protocol-component-api-1.18.0-SNAPSHOT.jar:/home/siruiw4/.m2/repository/org/apache/nifi/nifi-site-to-site-client/1.18.0-SNAPSHOT/nifi-site-to-site-client-1.18.0-SNAPSHOT.jar:/home/siruiw4/.m2/repository/org/apache/nifi/nifi-security-utils/1.18.0-SNAPSHOT/nifi-security-utils-1.18.0-SNAPSHOT.jar:/home/siruiw4/.m2/repository/org/apache/nifi/nifi-deprecation-log/1.18.0-SNAPSHOT/nifi-deprecation-log-1.18.0-SNAPSHOT.jar:/home/siruiw4/.m2/repository/org/apache/nifi/nifi-security-utils-api/1.18.0-SNAPSHOT/nifi-security-utils-api-1.18.0-SNAPSHOT.jar:/home/siruiw4/.m2/repository/org/bouncycastle/bcprov-jdk15on/1.70/bcprov-jdk15on-1.70.jar:/home/siruiw4/.m2/repository/org/bouncycastle/bcpkix-jdk15on/1.70/bcpkix-jdk15on-1.70.jar:/home/siruiw4/.m2/repository/org/bouncycastle/bcutil-jdk15on/1.70/bcutil-jdk15on-1.70.jar:/home/siruiw4/.m2/repository/org/apache/nifi/nifi-properties/1.18.0-SNAPSHOT/nifi-properties-1.18.0-SNAPSHOT.jar:/home/siruiw4/.m2/repository/org/apache/nifi/nifi-property-utils/1.18.0-SNAPSHOT/nifi-property-utils-1.18.0-SNAPSHOT.jar:/home/siruiw4/.m2/repository/at/favre/lib/bcrypt/0.9.0/bcrypt-0.9.0.jar:/home/siruiw4/.m2/repository/at/favre/lib/bytes/1.3.0/bytes-1.3.0.jar:/home/siruiw4/.m2/repository/org/apache/nifi/nifi-xml-processing/1.18.0-SNAPSHOT/nifi-xml-processing-1.18.0-SNAPSHOT.jar:/home/siruiw4/.m2/repository/org/apache/httpcomponents/client5/httpclient5/5.0-beta4/httpclient5-5.0-beta4.jar:/home/siruiw4/.m2/repository/org/apache/httpcomponents/core5/httpcore5/5.0-beta7/httpcore5-5.0-beta7.jar:/home/siruiw4/.m2/repository/org/apache/httpcomponents/core5/httpcore5-h2/5.0-beta7/httpcore5-h2-5.0-beta7.jar:/home/siruiw4/.m2/repository/org/apache/httpcomponents/httpasyncclient/4.1.4/httpasyncclient-4.1.4.jar:/home/siruiw4/.m2/repository/org/apache/httpcomponents/httpcore-nio/4.4.10/httpcore-nio-4.4.10.jar:/home/siruiw4/.m2/repository/org/apache/nifi/nifi-framework-authorization/1.18.0-SNAPSHOT/nifi-framework-authorization-1.18.0-SNAPSHOT.jar:/home/siruiw4/.m2/repository/org/apache/nifi/registry/nifi-registry-data-model/1.18.0-SNAPSHOT/nifi-registry-data-model-1.18.0-SNAPSHOT.jar:/home/siruiw4/.m2/repository/javax/validation/validation-api/2.0.1.Final/validation-api-2.0.1.Final.jar:/home/siruiw4/.m2/repository/javax/ws/rs/javax.ws.rs-api/2.1/javax.ws.rs-api-2.1.jar:/home/siruiw4/.m2/repository/org/apache/nifi/registry/nifi-registry-revision-entity-model/1.18.0-SNAPSHOT/nifi-registry-revision-entity-model-1.18.0-SNAPSHOT.jar:/home/siruiw4/.m2/repository/org/apache/nifi/nifi-extension-manifest-model/1.18.0-SNAPSHOT/nifi-extension-manifest-model-1.18.0-SNAPSHOT.jar:/home/siruiw4/.m2/repository/org/apache/nifi/registry/nifi-registry-client/1.18.0-SNAPSHOT/nifi-registry-client-1.18.0-SNAPSHOT.jar:/home/siruiw4/.m2/repository/org/apache/nifi/registry/nifi-registry-security-utils/1.18.0-SNAPSHOT/nifi-registry-security-utils-1.18.0-SNAPSHOT.jar:/home/siruiw4/.m2/repository/org/glassfish/jersey/core/jersey-client/2.36/jersey-client-2.36.jar:/home/siruiw4/.m2/repository/jakarta/ws/rs/jakarta.ws.rs-api/2.1.6/jakarta.ws.rs-api-2.1.6.jar:/home/siruiw4/.m2/repository/org/glassfish/hk2/external/jakarta.inject/2.6.1/jakarta.inject-2.6.1.jar:/home/siruiw4/.m2/repository/org/glassfish/jersey/media/jersey-media-json-jackson/2.36/jersey-media-json-jackson-2.36.jar:/home/siruiw4/.m2/repository/org/glassfish/jersey/ext/jersey-entity-filtering/2.36/jersey-entity-filtering-2.36.jar:/home/siruiw4/.m2/repository/com/fasterxml/jackson/module/jackson-module-jaxb-annotations/2.13.3/jackson-module-jaxb-annotations-2.13.3.jar:/home/siruiw4/.m2/repository/org/glassfish/jersey/inject/jersey-hk2/2.36/jersey-hk2-2.36.jar:/home/siruiw4/.m2/repository/org/glassfish/hk2/hk2-locator/2.6.1/hk2-locator-2.6.1.jar:/home/siruiw4/.m2/repository/org/glassfish/hk2/external/aopalliance-repackaged/2.6.1/aopalliance-repackaged-2.6.1.jar:/home/siruiw4/.m2/repository/org/glassfish/hk2/hk2-api/2.6.1/hk2-api-2.6.1.jar:/home/siruiw4/.m2/repository/org/glassfish/hk2/hk2-utils/2.6.1/hk2-utils-2.6.1.jar:/home/siruiw4/.m2/repository/org/javassist/javassist/3.25.0-GA/javassist-3.25.0-GA.jar:/home/siruiw4/.m2/repository/org/glassfish/jersey/core/jersey-common/2.36/jersey-common-2.36.jar:/home/siruiw4/.m2/repository/jakarta/annotation/jakarta.annotation-api/1.3.5/jakarta.annotation-api-1.3.5.jar:/home/siruiw4/.m2/repository/org/glassfish/hk2/osgi-resource-locator/1.0.3/osgi-resource-locator-1.0.3.jar:/home/siruiw4/.m2/repository/org/glassfish/jersey/media/jersey-media-multipart/2.36/jersey-media-multipart-2.36.jar:/home/siruiw4/.m2/repository/org/jvnet/mimepull/mimepull/1.9.13/mimepull-1.9.13.jar:/home/siruiw4/.m2/repository/org/apache/nifi/nifi-expression-language/1.18.0-SNAPSHOT/nifi-expression-language-1.18.0-SNAPSHOT.jar:/home/siruiw4/.m2/repository/org/antlr/antlr-runtime/3.5.2/antlr-runtime-3.5.2.jar:/home/siruiw4/.m2/repository/org/apache/nifi/nifi-uuid5/1.18.0-SNAPSHOT/nifi-uuid5-1.18.0-SNAPSHOT.jar:/home/siruiw4/.m2/repository/com/jayway/jsonpath/json-path/2.6.0/json-path-2.6.0.jar:/home/siruiw4/.m2/repository/net/minidev/json-smart/2.4.8/json-smart-2.4.8.jar:/home/siruiw4/.m2/repository/net/minidev/accessors-smart/2.4.8/accessors-smart-2.4.8.jar:/home/siruiw4/.m2/repository/org/ow2/asm/asm/9.1/asm-9.1.jar:/home/siruiw4/.m2/repository/com/fasterxml/jackson/core/jackson-databind/2.13.3/jackson-databind-2.13.3.jar:/home/siruiw4/.m2/repository/com/fasterxml/jackson/core/jackson-annotations/2.13.3/jackson-annotations-2.13.3.jar:/home/siruiw4/.m2/repository/com/fasterxml/jackson/core/jackson-core/2.13.3/jackson-core-2.13.3.jar:/home/siruiw4/.m2/repository/org/apache/commons/commons-text/1.8/commons-text-1.8.jar:/home/siruiw4/.m2/repository/org/apache/nifi/nifi-data-provenance-utils/1.18.0-SNAPSHOT/nifi-data-provenance-utils-1.18.0-SNAPSHOT.jar:/home/siruiw4/.m2/repository/org/apache/nifi/nifi-reporting-utils/1.18.0-SNAPSHOT/nifi-reporting-utils-1.18.0-SNAPSHOT.jar:/home/siruiw4/.m2/repository/org/glassfish/javax.json/1.0.4/javax.json-1.0.4.jar:/home/siruiw4/.m2/repository/org/junit/jupiter/junit-jupiter-api/5.8.2/junit-jupiter-api-5.8.2.jar:/home/siruiw4/.m2/repository/org/opentest4j/opentest4j/1.2.0/opentest4j-1.2.0.jar:/home/siruiw4/.m2/repository/org/junit/platform/junit-platform-commons/1.8.2/junit-platform-commons-1.8.2.jar:/home/siruiw4/.m2/repository/org/apiguardian/apiguardian-api/1.1.2/apiguardian-api-1.1.2.jar:/home/siruiw4/.m2/repository/org/junit/jupiter/junit-jupiter-engine/5.8.2/junit-jupiter-engine-5.8.2.jar:/home/siruiw4/.m2/repository/org/junit/platform/junit-platform-engine/1.8.2/junit-platform-engine-1.8.2.jar:/home/siruiw4/.m2/repository/org/junit/vintage/junit-vintage-engine/5.8.2/junit-vintage-engine-5.8.2.jar:/home/siruiw4/.m2/repository/junit/junit/4.13.2/junit-4.13.2.jar:/home/siruiw4/.m2/repository/org/hamcrest/hamcrest-core/1.3/hamcrest-core-1.3.jar:/home/siruiw4/.m2/repository/org/junit/jupiter/junit-jupiter-params/5.8.2/junit-jupiter-params-5.8.2.jar:/home/siruiw4/.m2/repository/org/mockito/mockito-junit-jupiter/3.11.2/mockito-junit-jupiter-3.11.2.jar:/home/siruiw4/.m2/repository/org/slf4j/slf4j-simple/1.7.36/slf4j-simple-1.7.36.jar:/home/siruiw4/.m2/repository/org/codehaus/groovy/groovy-test/3.0.9/groovy-test-3.0.9.jar:/home/siruiw4/.m2/repository/org/codehaus/groovy/groovy/3.0.9/groovy-3.0.9.jar:"/>
    <property name="test" value="org.apache.nifi.reporting.azure.loganalytics.TestAzureLogAnalyticsProvenanceReportingTask#testAddField2"/>
    <property name="sun.cpu.endian" value="little"/>
    <property name="nondexExecid" value="H+e+7JUmyr8SW+Atr8ULkEj4k8uuEnMGMqcaVYRcH4="/>
    <property name="user.home" value="/home/siruiw4"/>
    <property name="user.language" value="en"/>
    <property name="java.specification.vendor" value="Oracle Corporation"/>
    <property name="java.version.date" value="2022-07-19"/>
    <property name="java.home" value="/usr/lib/jvm/java-11-openjdk-amd64"/>
    <property name="file.separator" value="/"/>
    <property name="basedir" value="/home/siruiw4/nifi/nifi-nar-bundles/nifi-azure-bundle/nifi-azure-reporting-task"/>
    <property name="java.vm.compressedOopsMode" value="32-bit"/>
    <property name="nondexEnd" value="9223372036854775807"/>
    <property name="line.separator" value="&#10;"/>
    <property name="java.vm.specification.vendor" value="Oracle Corporation"/>
    <property name="java.specification.name" value="Java Platform API Specification"/>
    <property name="java.awt.graphicsenv" value="sun.awt.X11GraphicsEnvironment"/>
    <property name="java.awt.headless" value="true"/>
    <property name="nondexFilter" value=".*"/>
    <property name="nondexSeed" value="933178"/>
    <property name="surefire.real.class.path" value="/home/siruiw4/nifi/nifi-nar-bundles/nifi-azure-bundle/nifi-azure-reporting-task/target/surefire/surefirebooter-20220829022528634_6.jar"/>
    <property name="sun.management.compiler" value="HotSpot 64-Bit Tiered Compilers"/>
    <property name="java.runtime.version" value="11.0.16+8-post-Ubuntu-0ubuntu120.04"/>
    <property name="user.name" value="siruiw4"/>
    <property name="path.separator" value=":"/>
    <property name="os.version" value="5.4.0-124-generic"/>
    <property name="java.runtime.name" value="OpenJDK Runtime Environment"/>
    <property name="file.encoding" value="UTF-8"/>
    <property name="java.vm.name" value="OpenJDK 64-Bit Server VM"/>
    <property name="localRepository" value="/home/siruiw4/.m2/repository"/>
    <property name="nondexDir" value="/home/siruiw4/nifi/nifi-nar-bundles/nifi-azure-bundle/nifi-azure-reporting-task/.nondex"/>
    <property name="java.vendor.url.bug" value="https://bugs.launchpad.net/ubuntu/+source/openjdk-lts"/>
    <property name="nondexJarDir" value="/home/siruiw4/nifi/nifi-nar-bundles/nifi-azure-bundle/nifi-azure-reporting-task/.nondex"/>
    <property name="java.io.tmpdir" value="/tmp"/>
    <property name="java.version" value="11.0.16"/>
    <property name="user.dir" value="/home/siruiw4/nifi/nifi-nar-bundles/nifi-azure-bundle/nifi-azure-reporting-task"/>
    <property name="os.arch" value="amd64"/>
    <property name="nondexMode" value="FULL"/>
    <property name="java.vm.specification.name" value="Java Virtual Machine Specification"/>
    <property name="java.awt.printerjob" value="sun.print.PSPrinterJob"/>
    <property name="sun.os.patch.level" value="unknown"/>
    <property name="java.library.path" value="/usr/java/packages/lib:/usr/lib/x86_64-linux-gnu/jni:/lib/x86_64-linux-gnu:/usr/lib/x86_64-linux-gnu:/usr/lib/jni:/lib:/usr/lib"/>
    <property name="java.vendor" value="Ubuntu"/>
    <property name="java.vm.info" value="mixed mode"/>
    <property name="java.vm.version" value="11.0.16+8-post-Ubuntu-0ubuntu120.04"/>
    <property name="sun.io.unicode.encoding" value="UnicodeLittle"/>
    <property name="java.class.version" value="55.0"/>
  </properties>
  <testcase name="testAddField2" classname="org.apache.nifi.reporting.azure.loganalytics.TestAzureLogAnalyticsProvenanceReportingTask" time="0.135"/>
</testsuite>